<?xml version="1.0" encoding="UTF-8"?>
<testsuite xmlns:xsi="http://www.w3.org/2001/XMLSchema-instance" xsi:noNamespaceSchemaLocation="https://maven.apache.org/surefire/maven-surefire-plugin/xsd/surefire-test-report.xsd" name="cn.itcast.core.test.TestBrandDao" time="6.685" tests="3" errors="0" skipped="0" failures="0">
  <properties>
    <property name="sun.desktop" value="windows"/>
    <property name="awt.toolkit" value="sun.awt.windows.WToolkit"/>
    <property name="file.encoding.pkg" value="sun.io"/>
    <property name="java.specification.version" value="1.8"/>
    <property name="sun.cpu.isalist" value="amd64"/>
    <property name="sun.jnu.encoding" value="GBK"/>
    <property name="java.class.path" value="D:\java\code\pyg_parent\service_sellergoods\target\test-classes;D:\java\code\pyg_parent\service_sellergoods\target\classes;D:\java\maven\apache-maven-3.3.9\repository\junit\junit\4.11\junit-4.11.jar;D:\java\maven\apache-maven-3.3.9\repository\org\hamcrest\hamcrest-core\1.3\hamcrest-core-1.3.jar;D:\java\code\pyg_parent\dao\target\dao-1.0-SNAPSHOT.jar;D:\java\code\pyg_parent\pojo\target\pojo-1.0-SNAPSHOT.jar;D:\java\code\pyg_parent\common\target\common-1.0-SNAPSHOT.jar;D:\java\maven\apache-maven-3.3.9\repository\com\github\pagehelper\pagehelper\4.0.0\pagehelper-4.0.0.jar;D:\java\maven\apache-maven-3.3.9\repository\com\github\jsqlparser\jsqlparser\0.9.1\jsqlparser-0.9.1.jar;D:\java\maven\apache-maven-3.3.9\repository\org\mybatis\mybatis\3.2.8\mybatis-3.2.8.jar;D:\java\maven\apache-maven-3.3.9\repository\org\mybatis\mybatis-spring\1.2.2\mybatis-spring-1.2.2.jar;D:\java\maven\apache-maven-3.3.9\repository\com\github\miemiedev\mybatis-paginator\1.2.15\mybatis-paginator-1.2.15.jar;D:\java\maven\apache-maven-3.3.9\repository\org\slf4j\slf4j-api\1.7.2\slf4j-api-1.7.2.jar;D:\java\maven\apache-maven-3.3.9\repository\mysql\mysql-connector-java\5.1.32\mysql-connector-java-5.1.32.jar;D:\java\maven\apache-maven-3.3.9\repository\com\alibaba\druid\1.0.9\druid-1.0.9.jar;D:\java\jdk\jdk1.8\jre\..\lib\jconsole.jar;D:\java\jdk\jdk1.8\jre\..\lib\tools.jar;D:\java\maven\apache-maven-3.3.9\repository\org\csource\fastdfs\fastdfs\1.2\fastdfs-1.2.jar;D:\java\maven\apache-maven-3.3.9\repository\commons-fileupload\commons-fileupload\1.3.1\commons-fileupload-1.3.1.jar;D:\java\maven\apache-maven-3.3.9\repository\commons-io\commons-io\2.2\commons-io-2.2.jar;D:\java\maven\apache-maven-3.3.9\repository\redis\clients\jedis\2.8.1\jedis-2.8.1.jar;D:\java\maven\apache-maven-3.3.9\repository\org\apache\commons\commons-pool2\2.4.2\commons-pool2-2.4.2.jar;D:\java\maven\apache-maven-3.3.9\repository\org\springframework\data\spring-data-redis\1.7.2.RELEASE\spring-data-redis-1.7.2.RELEASE.jar;D:\java\maven\apache-maven-3.3.9\repository\org\springframework\data\spring-data-keyvalue\1.1.2.RELEASE\spring-data-keyvalue-1.1.2.RELEASE.jar;D:\java\maven\apache-maven-3.3.9\repository\org\springframework\spring-tx\4.2.6.RELEASE\spring-tx-4.2.6.RELEASE.jar;D:\java\maven\apache-maven-3.3.9\repository\org\springframework\spring-oxm\4.2.6.RELEASE\spring-oxm-4.2.6.RELEASE.jar;D:\java\maven\apache-maven-3.3.9\repository\org\springframework\spring-aop\4.2.6.RELEASE\spring-aop-4.2.6.RELEASE.jar;D:\java\maven\apache-maven-3.3.9\repository\org\slf4j\jcl-over-slf4j\1.7.21\jcl-over-slf4j-1.7.21.jar;D:\java\maven\apache-maven-3.3.9\repository\org\apache\httpcomponents\httpclient\4.5.3\httpclient-4.5.3.jar;D:\java\maven\apache-maven-3.3.9\repository\org\apache\httpcomponents\httpcore\4.4.4\httpcore-4.4.4.jar;D:\java\maven\apache-maven-3.3.9\repository\commons-logging\commons-logging\1.2\commons-logging-1.2.jar;D:\java\maven\apache-maven-3.3.9\repository\org\springframework\spring-context\4.2.4.RELEASE\spring-context-4.2.4.RELEASE.jar;D:\java\maven\apache-maven-3.3.9\repository\org\springframework\spring-core\4.2.4.RELEASE\spring-core-4.2.4.RELEASE.jar;D:\java\maven\apache-maven-3.3.9\repository\org\springframework\spring-expression\4.2.4.RELEASE\spring-expression-4.2.4.RELEASE.jar;D:\java\maven\apache-maven-3.3.9\repository\org\springframework\spring-beans\4.2.4.RELEASE\spring-beans-4.2.4.RELEASE.jar;D:\java\maven\apache-maven-3.3.9\repository\org\springframework\spring-webmvc\4.2.4.RELEASE\spring-webmvc-4.2.4.RELEASE.jar;D:\java\maven\apache-maven-3.3.9\repository\org\springframework\spring-web\4.2.4.RELEASE\spring-web-4.2.4.RELEASE.jar;D:\java\maven\apache-maven-3.3.9\repository\org\springframework\spring-jdbc\4.2.4.RELEASE\spring-jdbc-4.2.4.RELEASE.jar;D:\java\maven\apache-maven-3.3.9\repository\org\springframework\spring-aspects\4.2.4.RELEASE\spring-aspects-4.2.4.RELEASE.jar;D:\java\maven\apache-maven-3.3.9\repository\org\aspectj\aspectjweaver\1.8.7\aspectjweaver-1.8.7.jar;D:\java\maven\apache-maven-3.3.9\repository\org\springframework\spring-jms\4.2.4.RELEASE\spring-jms-4.2.4.RELEASE.jar;D:\java\maven\apache-maven-3.3.9\repository\org\springframework\spring-messaging\4.2.4.RELEASE\spring-messaging-4.2.4.RELEASE.jar;D:\java\maven\apache-maven-3.3.9\repository\org\springframework\spring-context-support\4.2.4.RELEASE\spring-context-support-4.2.4.RELEASE.jar;D:\java\maven\apache-maven-3.3.9\repository\org\springframework\spring-test\4.2.4.RELEASE\spring-test-4.2.4.RELEASE.jar;D:\java\maven\apache-maven-3.3.9\repository\com\alibaba\dubbo\2.8.4\dubbo-2.8.4.jar;D:\java\maven\apache-maven-3.3.9\repository\org\apache\zookeeper\zookeeper\3.4.7\zookeeper-3.4.7.jar;D:\java\maven\apache-maven-3.3.9\repository\org\slf4j\slf4j-log4j12\1.6.1\slf4j-log4j12-1.6.1.jar;D:\java\maven\apache-maven-3.3.9\repository\log4j\log4j\1.2.16\log4j-1.2.16.jar;D:\java\maven\apache-maven-3.3.9\repository\jline\jline\0.9.94\jline-0.9.94.jar;D:\java\maven\apache-maven-3.3.9\repository\io\netty\netty\3.7.0.Final\netty-3.7.0.Final.jar;D:\java\maven\apache-maven-3.3.9\repository\com\github\sgroschupf\zkclient\0.1\zkclient-0.1.jar;D:\java\maven\apache-maven-3.3.9\repository\com\alibaba\fastjson\1.2.28\fastjson-1.2.28.jar;D:\java\maven\apache-maven-3.3.9\repository\javassist\javassist\3.11.0.GA\javassist-3.11.0.GA.jar;D:\java\maven\apache-maven-3.3.9\repository\commons-codec\commons-codec\1.10\commons-codec-1.10.jar;D:\java\maven\apache-maven-3.3.9\repository\org\springframework\security\spring-security-web\4.1.0.RELEASE\spring-security-web-4.1.0.RELEASE.jar;D:\java\maven\apache-maven-3.3.9\repository\aopalliance\aopalliance\1.0\aopalliance-1.0.jar;D:\java\maven\apache-maven-3.3.9\repository\org\springframework\security\spring-security-core\4.1.0.RELEASE\spring-security-core-4.1.0.RELEASE.jar;D:\java\maven\apache-maven-3.3.9\repository\org\springframework\security\spring-security-config\4.1.0.RELEASE\spring-security-config-4.1.0.RELEASE.jar;D:\java\maven\apache-maven-3.3.9\repository\org\springframework\security\spring-security-cas\4.1.0.RELEASE\spring-security-cas-4.1.0.RELEASE.jar;D:\java\maven\apache-maven-3.3.9\repository\org\jasig\cas\client\cas-client-core\3.3.3\cas-client-core-3.3.3.jar;D:\java\maven\apache-maven-3.3.9\repository\org\opensaml\opensaml\2.5.1-1\opensaml-2.5.1-1.jar;D:\java\maven\apache-maven-3.3.9\repository\org\opensaml\openws\1.4.2-1\openws-1.4.2-1.jar;D:\java\maven\apache-maven-3.3.9\repository\org\opensaml\xmltooling\1.3.2-1\xmltooling-1.3.2-1.jar;D:\java\maven\apache-maven-3.3.9\repository\org\slf4j\jul-to-slf4j\1.6.1\jul-to-slf4j-1.6.1.jar;D:\java\maven\apache-maven-3.3.9\repository\joda-time\joda-time\1.6.2\joda-time-1.6.2.jar;D:\java\maven\apache-maven-3.3.9\repository\org\bouncycastle\bcprov-jdk15\1.45\bcprov-jdk15-1.45.jar;D:\java\maven\apache-maven-3.3.9\repository\org\apache\santuario\xmlsec\1.4.4\xmlsec-1.4.4.jar;D:\java\maven\apache-maven-3.3.9\repository\ca\juliusdavies\not-yet-commons-ssl\0.3.9\not-yet-commons-ssl-0.3.9.jar;D:\java\maven\apache-maven-3.3.9\repository\net\jcip\jcip-annotations\1.0\jcip-annotations-1.0.jar;D:\java\maven\apache-maven-3.3.9\repository\commons-httpclient\commons-httpclient\3.1\commons-httpclient-3.1.jar;D:\java\maven\apache-maven-3.3.9\repository\commons-lang\commons-lang\2.1\commons-lang-2.1.jar;D:\java\maven\apache-maven-3.3.9\repository\velocity\velocity\1.5\velocity-1.5.jar;D:\java\maven\apache-maven-3.3.9\repository\org\owasp\esapi\esapi\2.0GA\esapi-2.0GA.jar;D:\java\maven\apache-maven-3.3.9\repository\xml-apis\xml-apis\1.4.01\xml-apis-1.4.01.jar;D:\java\maven\apache-maven-3.3.9\repository\xerces\xercesImpl\2.10.0\xercesImpl-2.10.0.jar;D:\java\maven\apache-maven-3.3.9\repository\xml-resolver\xml-resolver\1.2\xml-resolver-1.2.jar;D:\java\maven\apache-maven-3.3.9\repository\xalan\xalan\2.7.1\xalan-2.7.1.jar;D:\java\maven\apache-maven-3.3.9\repository\xalan\serializer\2.7.1\serializer-2.7.1.jar;D:\java\maven\apache-maven-3.3.9\repository\org\apache\activemq\activemq-client\5.13.4\activemq-client-5.13.4.jar;D:\java\maven\apache-maven-3.3.9\repository\org\apache\geronimo\specs\geronimo-jms_1.1_spec\1.1.1\geronimo-jms_1.1_spec-1.1.1.jar;D:\java\maven\apache-maven-3.3.9\repository\org\fusesource\hawtbuf\hawtbuf\1.11\hawtbuf-1.11.jar;D:\java\maven\apache-maven-3.3.9\repository\org\apache\geronimo\specs\geronimo-j2ee-management_1.1_spec\1.0.1\geronimo-j2ee-management_1.1_spec-1.0.1.jar;D:\java\maven\apache-maven-3.3.9\repository\org\freemarker\freemarker\2.3.23\freemarker-2.3.23.jar;D:\java\maven\apache-maven-3.3.9\repository\com\github\wxpay\wxpay-sdk\0.0.3\wxpay-sdk-0.0.3.jar;D:\java\maven\apache-maven-3.3.9\repository\org\slf4j\slf4j-simple\1.7.21\slf4j-simple-1.7.21.jar;D:\java\maven\apache-maven-3.3.9\repository\org\springframework\data\spring-data-solr\1.5.5.RELEASE\spring-data-solr-1.5.5.RELEASE.jar;D:\java\maven\apache-maven-3.3.9\repository\org\springframework\data\spring-data-commons\1.11.5.RELEASE\spring-data-commons-1.11.5.RELEASE.jar;D:\java\maven\apache-maven-3.3.9\repository\org\apache\commons\commons-lang3\3.1\commons-lang3-3.1.jar;D:\java\maven\apache-maven-3.3.9\repository\commons-collections\commons-collections\3.2.1\commons-collections-3.2.1.jar;D:\java\maven\apache-maven-3.3.9\repository\org\apache\httpcomponents\httpmime\4.2.2\httpmime-4.2.2.jar;D:\java\maven\apache-maven-3.3.9\repository\org\apache\httpcomponents\httpclient-cache\4.2.2\httpclient-cache-4.2.2.jar;D:\java\maven\apache-maven-3.3.9\repository\org\apache\solr\solr-solrj\4.10.3\solr-solrj-4.10.3.jar;D:\java\maven\apache-maven-3.3.9\repository\org\codehaus\woodstox\wstx-asl\3.2.7\wstx-asl-3.2.7.jar;D:\java\maven\apache-maven-3.3.9\repository\org\noggit\noggit\0.5\noggit-0.5.jar;D:\java\maven\apache-maven-3.3.9\repository\com\fasterxml\jackson\core\jackson-databind\2.6.7\jackson-databind-2.6.7.jar;D:\java\maven\apache-maven-3.3.9\repository\com\fasterxml\jackson\core\jackson-annotations\2.6.0\jackson-annotations-2.6.0.jar;D:\java\maven\apache-maven-3.3.9\repository\com\fasterxml\jackson\core\jackson-core\2.6.7\jackson-core-2.6.7.jar;D:\java\code\pyg_parent\interface\target\interface-1.0-SNAPSHOT.jar;"/>
    <property name="java.vm.vendor" value="Oracle Corporation"/>
    <property name="sun.arch.data.model" value="64"/>
    <property name="user.variant" value=""/>
    <property name="java.vendor.url" value="http://java.oracle.com/"/>
    <property name="user.timezone" value=""/>
    <property name="java.vm.specification.version" value="1.8"/>
    <property name="os.name" value="Windows 10"/>
    <property name="user.country" value="CN"/>
    <property name="sun.java.launcher" value="SUN_STANDARD"/>
    <property name="sun.boot.library.path" value="D:\java\jdk\jdk1.8\jre\bin"/>
    <property name="sun.java.command" value="C:\Users\w\AppData\Local\Temp\surefire923943986137660403\surefirebooter7736520171713628921.jar C:\Users\w\AppData\Local\Temp\surefire923943986137660403 2019-11-04T15-38-55_316-jvmRun1 surefire2931564410644801596tmp surefire_05541027290290925959tmp"/>
    <property name="surefire.test.class.path" value="D:\java\code\pyg_parent\service_sellergoods\target\test-classes;D:\java\code\pyg_parent\service_sellergoods\target\classes;D:\java\maven\apache-maven-3.3.9\repository\junit\junit\4.11\junit-4.11.jar;D:\java\maven\apache-maven-3.3.9\repository\org\hamcrest\hamcrest-core\1.3\hamcrest-core-1.3.jar;D:\java\code\pyg_parent\dao\target\dao-1.0-SNAPSHOT.jar;D:\java\code\pyg_parent\pojo\target\pojo-1.0-SNAPSHOT.jar;D:\java\code\pyg_parent\common\target\common-1.0-SNAPSHOT.jar;D:\java\maven\apache-maven-3.3.9\repository\com\github\pagehelper\pagehelper\4.0.0\pagehelper-4.0.0.jar;D:\java\maven\apache-maven-3.3.9\repository\com\github\jsqlparser\jsqlparser\0.9.1\jsqlparser-0.9.1.jar;D:\java\maven\apache-maven-3.3.9\repository\org\mybatis\mybatis\3.2.8\mybatis-3.2.8.jar;D:\java\maven\apache-maven-3.3.9\repository\org\mybatis\mybatis-spring\1.2.2\mybatis-spring-1.2.2.jar;D:\java\maven\apache-maven-3.3.9\repository\com\github\miemiedev\mybatis-paginator\1.2.15\mybatis-paginator-1.2.15.jar;D:\java\maven\apache-maven-3.3.9\repository\org\slf4j\slf4j-api\1.7.2\slf4j-api-1.7.2.jar;D:\java\maven\apache-maven-3.3.9\repository\mysql\mysql-connector-java\5.1.32\mysql-connector-java-5.1.32.jar;D:\java\maven\apache-maven-3.3.9\repository\com\alibaba\druid\1.0.9\druid-1.0.9.jar;D:\java\jdk\jdk1.8\jre\..\lib\jconsole.jar;D:\java\jdk\jdk1.8\jre\..\lib\tools.jar;D:\java\maven\apache-maven-3.3.9\repository\org\csource\fastdfs\fastdfs\1.2\fastdfs-1.2.jar;D:\java\maven\apache-maven-3.3.9\repository\commons-fileupload\commons-fileupload\1.3.1\commons-fileupload-1.3.1.jar;D:\java\maven\apache-maven-3.3.9\repository\commons-io\commons-io\2.2\commons-io-2.2.jar;D:\java\maven\apache-maven-3.3.9\repository\redis\clients\jedis\2.8.1\jedis-2.8.1.jar;D:\java\maven\apache-maven-3.3.9\repository\org\apache\commons\commons-pool2\2.4.2\commons-pool2-2.4.2.jar;D:\java\maven\apache-maven-3.3.9\repository\org\springframework\data\spring-data-redis\1.7.2.RELEASE\spring-data-redis-1.7.2.RELEASE.jar;D:\java\maven\apache-maven-3.3.9\repository\org\springframework\data\spring-data-keyvalue\1.1.2.RELEASE\spring-data-keyvalue-1.1.2.RELEASE.jar;D:\java\maven\apache-maven-3.3.9\repository\org\springframework\spring-tx\4.2.6.RELEASE\spring-tx-4.2.6.RELEASE.jar;D:\java\maven\apache-maven-3.3.9\repository\org\springframework\spring-oxm\4.2.6.RELEASE\spring-oxm-4.2.6.RELEASE.jar;D:\java\maven\apache-maven-3.3.9\repository\org\springframework\spring-aop\4.2.6.RELEASE\spring-aop-4.2.6.RELEASE.jar;D:\java\maven\apache-maven-3.3.9\repository\org\slf4j\jcl-over-slf4j\1.7.21\jcl-over-slf4j-1.7.21.jar;D:\java\maven\apache-maven-3.3.9\repository\org\apache\httpcomponents\httpclient\4.5.3\httpclient-4.5.3.jar;D:\java\maven\apache-maven-3.3.9\repository\org\apache\httpcomponents\httpcore\4.4.4\httpcore-4.4.4.jar;D:\java\maven\apache-maven-3.3.9\repository\commons-logging\commons-logging\1.2\commons-logging-1.2.jar;D:\java\maven\apache-maven-3.3.9\repository\org\springframework\spring-context\4.2.4.RELEASE\spring-context-4.2.4.RELEASE.jar;D:\java\maven\apache-maven-3.3.9\repository\org\springframework\spring-core\4.2.4.RELEASE\spring-core-4.2.4.RELEASE.jar;D:\java\maven\apache-maven-3.3.9\repository\org\springframework\spring-expression\4.2.4.RELEASE\spring-expression-4.2.4.RELEASE.jar;D:\java\maven\apache-maven-3.3.9\repository\org\springframework\spring-beans\4.2.4.RELEASE\spring-beans-4.2.4.RELEASE.jar;D:\java\maven\apache-maven-3.3.9\repository\org\springframework\spring-webmvc\4.2.4.RELEASE\spring-webmvc-4.2.4.RELEASE.jar;D:\java\maven\apache-maven-3.3.9\repository\org\springframework\spring-web\4.2.4.RELEASE\spring-web-4.2.4.RELEASE.jar;D:\java\maven\apache-maven-3.3.9\repository\org\springframework\spring-jdbc\4.2.4.RELEASE\spring-jdbc-4.2.4.RELEASE.jar;D:\java\maven\apache-maven-3.3.9\repository\org\springframework\spring-aspects\4.2.4.RELEASE\spring-aspects-4.2.4.RELEASE.jar;D:\java\maven\apache-maven-3.3.9\repository\org\aspectj\aspectjweaver\1.8.7\aspectjweaver-1.8.7.jar;D:\java\maven\apache-maven-3.3.9\repository\org\springframework\spring-jms\4.2.4.RELEASE\spring-jms-4.2.4.RELEASE.jar;D:\java\maven\apache-maven-3.3.9\repository\org\springframework\spring-messaging\4.2.4.RELEASE\spring-messaging-4.2.4.RELEASE.jar;D:\java\maven\apache-maven-3.3.9\repository\org\springframework\spring-context-support\4.2.4.RELEASE\spring-context-support-4.2.4.RELEASE.jar;D:\java\maven\apache-maven-3.3.9\repository\org\springframework\spring-test\4.2.4.RELEASE\spring-test-4.2.4.RELEASE.jar;D:\java\maven\apache-maven-3.3.9\repository\com\alibaba\dubbo\2.8.4\dubbo-2.8.4.jar;D:\java\maven\apache-maven-3.3.9\repository\org\apache\zookeeper\zookeeper\3.4.7\zookeeper-3.4.7.jar;D:\java\maven\apache-maven-3.3.9\repository\org\slf4j\slf4j-log4j12\1.6.1\slf4j-log4j12-1.6.1.jar;D:\java\maven\apache-maven-3.3.9\repository\log4j\log4j\1.2.16\log4j-1.2.16.jar;D:\java\maven\apache-maven-3.3.9\repository\jline\jline\0.9.94\jline-0.9.94.jar;D:\java\maven\apache-maven-3.3.9\repository\io\netty\netty\3.7.0.Final\netty-3.7.0.Final.jar;D:\java\maven\apache-maven-3.3.9\repository\com\github\sgroschupf\zkclient\0.1\zkclient-0.1.jar;D:\java\maven\apache-maven-3.3.9\repository\com\alibaba\fastjson\1.2.28\fastjson-1.2.28.jar;D:\java\maven\apache-maven-3.3.9\repository\javassist\javassist\3.11.0.GA\javassist-3.11.0.GA.jar;D:\java\maven\apache-maven-3.3.9\repository\commons-codec\commons-codec\1.10\commons-codec-1.10.jar;D:\java\maven\apache-maven-3.3.9\repository\org\springframework\security\spring-security-web\4.1.0.RELEASE\spring-security-web-4.1.0.RELEASE.jar;D:\java\maven\apache-maven-3.3.9\repository\aopalliance\aopalliance\1.0\aopalliance-1.0.jar;D:\java\maven\apache-maven-3.3.9\repository\org\springframework\security\spring-security-core\4.1.0.RELEASE\spring-security-core-4.1.0.RELEASE.jar;D:\java\maven\apache-maven-3.3.9\repository\org\springframework\security\spring-security-config\4.1.0.RELEASE\spring-security-config-4.1.0.RELEASE.jar;D:\java\maven\apache-maven-3.3.9\repository\org\springframework\security\spring-security-cas\4.1.0.RELEASE\spring-security-cas-4.1.0.RELEASE.jar;D:\java\maven\apache-maven-3.3.9\repository\org\jasig\cas\client\cas-client-core\3.3.3\cas-client-core-3.3.3.jar;D:\java\maven\apache-maven-3.3.9\repository\org\opensaml\opensaml\2.5.1-1\opensaml-2.5.1-1.jar;D:\java\maven\apache-maven-3.3.9\repository\org\opensaml\openws\1.4.2-1\openws-1.4.2-1.jar;D:\java\maven\apache-maven-3.3.9\repository\org\opensaml\xmltooling\1.3.2-1\xmltooling-1.3.2-1.jar;D:\java\maven\apache-maven-3.3.9\repository\org\slf4j\jul-to-slf4j\1.6.1\jul-to-slf4j-1.6.1.jar;D:\java\maven\apache-maven-3.3.9\repository\joda-time\joda-time\1.6.2\joda-time-1.6.2.jar;D:\java\maven\apache-maven-3.3.9\repository\org\bouncycastle\bcprov-jdk15\1.45\bcprov-jdk15-1.45.jar;D:\java\maven\apache-maven-3.3.9\repository\org\apache\santuario\xmlsec\1.4.4\xmlsec-1.4.4.jar;D:\java\maven\apache-maven-3.3.9\repository\ca\juliusdavies\not-yet-commons-ssl\0.3.9\not-yet-commons-ssl-0.3.9.jar;D:\java\maven\apache-maven-3.3.9\repository\net\jcip\jcip-annotations\1.0\jcip-annotations-1.0.jar;D:\java\maven\apache-maven-3.3.9\repository\commons-httpclient\commons-httpclient\3.1\commons-httpclient-3.1.jar;D:\java\maven\apache-maven-3.3.9\repository\commons-lang\commons-lang\2.1\commons-lang-2.1.jar;D:\java\maven\apache-maven-3.3.9\repository\velocity\velocity\1.5\velocity-1.5.jar;D:\java\maven\apache-maven-3.3.9\repository\org\owasp\esapi\esapi\2.0GA\esapi-2.0GA.jar;D:\java\maven\apache-maven-3.3.9\repository\xml-apis\xml-apis\1.4.01\xml-apis-1.4.01.jar;D:\java\maven\apache-maven-3.3.9\repository\xerces\xercesImpl\2.10.0\xercesImpl-2.10.0.jar;D:\java\maven\apache-maven-3.3.9\repository\xml-resolver\xml-resolver\1.2\xml-resolver-1.2.jar;D:\java\maven\apache-maven-3.3.9\repository\xalan\xalan\2.7.1\xalan-2.7.1.jar;D:\java\maven\apache-maven-3.3.9\repository\xalan\serializer\2.7.1\serializer-2.7.1.jar;D:\java\maven\apache-maven-3.3.9\repository\org\apache\activemq\activemq-client\5.13.4\activemq-client-5.13.4.jar;D:\java\maven\apache-maven-3.3.9\repository\org\apache\geronimo\specs\geronimo-jms_1.1_spec\1.1.1\geronimo-jms_1.1_spec-1.1.1.jar;D:\java\maven\apache-maven-3.3.9\repository\org\fusesource\hawtbuf\hawtbuf\1.11\hawtbuf-1.11.jar;D:\java\maven\apache-maven-3.3.9\repository\org\apache\geronimo\specs\geronimo-j2ee-management_1.1_spec\1.0.1\geronimo-j2ee-management_1.1_spec-1.0.1.jar;D:\java\maven\apache-maven-3.3.9\repository\org\freemarker\freemarker\2.3.23\freemarker-2.3.23.jar;D:\java\maven\apache-maven-3.3.9\repository\com\github\wxpay\wxpay-sdk\0.0.3\wxpay-sdk-0.0.3.jar;D:\java\maven\apache-maven-3.3.9\repository\org\slf4j\slf4j-simple\1.7.21\slf4j-simple-1.7.21.jar;D:\java\maven\apache-maven-3.3.9\repository\org\springframework\data\spring-data-solr\1.5.5.RELEASE\spring-data-solr-1.5.5.RELEASE.jar;D:\java\maven\apache-maven-3.3.9\repository\org\springframework\data\spring-data-commons\1.11.5.RELEASE\spring-data-commons-1.11.5.RELEASE.jar;D:\java\maven\apache-maven-3.3.9\repository\org\apache\commons\commons-lang3\3.1\commons-lang3-3.1.jar;D:\java\maven\apache-maven-3.3.9\repository\commons-collections\commons-collections\3.2.1\commons-collections-3.2.1.jar;D:\java\maven\apache-maven-3.3.9\repository\org\apache\httpcomponents\httpmime\4.2.2\httpmime-4.2.2.jar;D:\java\maven\apache-maven-3.3.9\repository\org\apache\httpcomponents\httpclient-cache\4.2.2\httpclient-cache-4.2.2.jar;D:\java\maven\apache-maven-3.3.9\repository\org\apache\solr\solr-solrj\4.10.3\solr-solrj-4.10.3.jar;D:\java\maven\apache-maven-3.3.9\repository\org\codehaus\woodstox\wstx-asl\3.2.7\wstx-asl-3.2.7.jar;D:\java\maven\apache-maven-3.3.9\repository\org\noggit\noggit\0.5\noggit-0.5.jar;D:\java\maven\apache-maven-3.3.9\repository\com\fasterxml\jackson\core\jackson-databind\2.6.7\jackson-databind-2.6.7.jar;D:\java\maven\apache-maven-3.3.9\repository\com\fasterxml\jackson\core\jackson-annotations\2.6.0\jackson-annotations-2.6.0.jar;D:\java\maven\apache-maven-3.3.9\repository\com\fasterxml\jackson\core\jackson-core\2.6.7\jackson-core-2.6.7.jar;D:\java\code\pyg_parent\interface\target\interface-1.0-SNAPSHOT.jar;"/>
    <property name="sun.cpu.endian" value="little"/>
    <property name="user.home" value="C:\Users\w"/>
    <property name="user.language" value="zh"/>
    <property name="java.specification.vendor" value="Oracle Corporation"/>
    <property name="java.home" value="D:\java\jdk\jdk1.8\jre"/>
    <property name="basedir" value="D:\java\code\pyg_parent\service_sellergoods"/>
    <property name="file.separator" value="\"/>
    <property name="line.separator" value="&#10;"/>
    <property name="java.vm.specification.vendor" value="Oracle Corporation"/>
    <property name="java.specification.name" value="Java Platform API Specification"/>
    <property name="java.awt.graphicsenv" value="sun.awt.Win32GraphicsEnvironment"/>
    <property name="surefire.real.class.path" value="C:\Users\w\AppData\Local\Temp\surefire923943986137660403\surefirebooter7736520171713628921.jar"/>
    <property name="sun.boot.class.path" value="D:\java\jdk\jdk1.8\jre\lib\resources.jar;D:\java\jdk\jdk1.8\jre\lib\rt.jar;D:\java\jdk\jdk1.8\jre\lib\sunrsasign.jar;D:\java\jdk\jdk1.8\jre\lib\jsse.jar;D:\java\jdk\jdk1.8\jre\lib\jce.jar;D:\java\jdk\jdk1.8\jre\lib\charsets.jar;D:\java\jdk\jdk1.8\jre\lib\jfr.jar;D:\java\jdk\jdk1.8\jre\classes"/>
    <property name="user.script" value=""/>
    <property name="sun.management.compiler" value="HotSpot 64-Bit Tiered Compilers"/>
    <property name="java.runtime.version" value="1.8.0_211-b12"/>
    <property name="user.name" value="w"/>
    <property name="path.separator" value=";"/>
    <property name="os.version" value="10.0"/>
    <property name="java.endorsed.dirs" value="D:\java\jdk\jdk1.8\jre\lib\endorsed"/>
    <property name="java.runtime.name" value="Java(TM) SE Runtime Environment"/>
    <property name="file.encoding" value="GBK"/>
    <property name="java.vm.name" value="Java HotSpot(TM) 64-Bit Server VM"/>
    <property name="localRepository" value="D:\java\maven\apache-maven-3.3.9\repository"/>
    <property name="java.vendor.url.bug" value="http://bugreport.sun.com/bugreport/"/>
    <property name="java.io.tmpdir" value="C:\Users\w\AppData\Local\Temp\"/>
    <property name="java.version" value="1.8.0_211"/>
    <property name="user.dir" value="D:\java\code\pyg_parent\service_sellergoods"/>
    <property name="os.arch" value="amd64"/>
    <property name="java.vm.specification.name" value="Java Virtual Machine Specification"/>
    <property name="java.awt.printerjob" value="sun.awt.windows.WPrinterJob"/>
    <property name="sun.os.patch.level" value=""/>
    <property name="idea.version2019.1" value="true"/>
    <property name="java.library.path" value="D:\java\jdk\jdk1.8\jre\bin;C:\Windows\Sun\Java\bin;C:\Windows\system32;C:\Windows;C:\Program Files (x86)\Common Files\Oracle\Java\javapath;C:\Windows\system32;C:\Windows;C:\Windows\System32\Wbem;C:\Windows\System32\WindowsPowerShell\v1.0\;C:\Windows\System32\OpenSSH\;D:\java\jdk\jdk1.8\bin;D:\svn\bin;D:\svn\xiaowugui\bin;D:\java\maven\apache-maven-3.3.9\bin;D:\Nodejs\;D:\swagger\swagger-editor00;C:\Users\w\AppData\Local\Microsoft\WindowsApps;D:\vscode\Microsoft VS Code\bin;D:\Nodejs\node_global;;."/>
    <property name="java.vm.info" value="mixed mode"/>
    <property name="java.vendor" value="Oracle Corporation"/>
    <property name="java.vm.version" value="25.211-b12"/>
    <property name="java.ext.dirs" value="D:\java\jdk\jdk1.8\jre\lib\ext;C:\Windows\Sun\Java\lib\ext"/>
    <property name="sun.io.unicode.encoding" value="UnicodeLittle"/>
    <property name="java.class.version" value="52.0"/>
  </properties>
  <testcase name="testfindBrandByWhere" classname="cn.itcast.core.test.TestBrandDao" time="0.249"/>
  <testcase name="testfindBrandById" classname="cn.itcast.core.test.TestBrandDao" time="0.001"/>
  <testcase name="testfindBrandAll" classname="cn.itcast.core.test.TestBrandDao" time="0.004"/>
</testsuite>